[21:17:29] =============================================
[21:17:29] 🌟 星漫屋 MangaDex 补章器
[21:17:29] =============================================
[21:17:29] 📥 加载 4415 部零章漫画
[21:17:29] 📋 已有 37 部结果，还需处理 4378 部
[21:17:29]   ── 1/4378 | 已找到 37 部
[21:18:00]   ── 21/4378 | 已找到 37 部
[21:18:31]   ── 41/4378 | 已找到 37 部
[21:18:43]   ❌ 第 50 部未匹配: Kaiki Tenken no Tsub
[21:18:58]   ── 61/4378 | 已找到 37 部
[21:19:25]   ── 81/4378 | 已找到 37 部
[21:20:00]   ❌ 第 100 部未匹配: Otome no 2DK
[21:20:01]   ── 101/4378 | 已找到 37 部
[21:20:17]   ✅ 找到第 40 部: Haha wa Tada Hitori → Hitoribocchi no Isekai Hourou ~Tsuihousareta F Rank Boukensha wa Koboruto Dake wo Otomo ni Tabi wo suru~ (0章)
[21:20:34]   ── 121/4378 | 已找到 46 部
[21:20:50]   ✅ 找到第 50 部: Bikini Shi no Hai → Eichito: Haishin-sha to Idol no Kenkappuru (0章)
[21:21:03]   ── 141/4378 | 已找到 51 部
[21:21:38]   ── 161/4378 | 已找到 55 部
[21:21:56]   ❌ 第 150 部未匹配: Ipsaui Jungyoseong
[21:22:03]   ✅ 找到第 60 部: Okawari, Tabetai → Kimi no Koto Mainichi Oishiku Tabetai Yo (0章)
[21:22:11]   ── 181/4378 | 已找到 61 部
[21:22:41]   ── 201/4378 | 已找到 67 部
[21:22:49]   ✅ 找到第 70 部: Momarete Pink → Watashi ga Motenai no wa Dou Kangaetemo Omaera ga Warui! - Nemo no Anal wa Pink Iro (Doujinshi) (2章)
[21:23:15]   ── 221/4378 | 已找到 75 部
[21:23:33]   ✅ 找到第 80 部: Isekai ni Ittara Naz → Isekai ni Ittara Nazo no Seibutsu ni Kawaigarareta Hanashi (0章)
[21:23:48]   ── 241/4378 | 已找到 81 部
[21:23:59]   ❌ 第 200 部未匹配: Aa Mujou
[21:24:16]   ✅ 找到第 90 部: Shirei → Ryuu no Miko no Yomeiri ~Iranai Hou no Musume, Tsugai no Teikoku Sou Shirei ni Dekiai Sareru~ (0章)
[21:24:19]   ── 261/4378 | 已找到 91 部
[21:24:55]   ── 281/4378 | 已找到 99 部
[21:24:57]   ✅ 找到第 100 部: E.G. Combat → E.G.コンバット (0章)
[21:25:27]   ── 301/4378 | 已找到 103 部
[21:25:51]   ✅ 找到第 110 部: COMPANY: Stardom na  → Company - Stardom Nakama-tachi (0章)
[21:26:00]   ── 321/4378 | 已找到 112 部
[21:26:07]   ❌ 第 250 部未匹配: Dajeongchi Moshan Ba
[21:26:38]   ── 341/4378 | 已找到 117 部
[21:26:49]   ✅ 找到第 120 部: Kunitachi Monogatari → Kunitachi Monogatari (0章)
[21:27:15]   ── 361/4378 | 已找到 127 部
[21:27:28]   ✅ 找到第 130 部: Marriage Blue → 메리지 블루스 (0章)
[21:27:50]   ── 381/4378 | 已找到 134 部
[21:28:09]   ✅ 找到第 140 部: Yuuyake Tenshi → Yuuyake Tenshi (0章)
[21:28:23]   ── 401/4378 | 已找到 145 部
[21:28:32]   ✅ 找到第 150 部: Jekyll Hakase to Hyd → Dr. Jekyll and Mr. Hyde (Variety Art Works) (7章)
[21:28:45]   ❌ 第 300 部未匹配: Shinde Teiji ga Kuru
[21:28:58]   ── 421/4378 | 已找到 153 部
[21:29:37]   ✅ 找到第 160 部: HR → Жменя гнилих овочів (1章)
[21:29:38]   ── 441/4378 | 已找到 160 部
[21:30:11]   ── 461/4378 | 已找到 169 部
[21:30:11]   ✅ 找到第 170 部: Koorogi no Uta → Jiki Koushaku Fujin no Yakuwari Dake wo Motomete Kita, Koori no Bara to Utawareru Danna-sama ga Kateinai Stalker to Kashita Ken (0章)
[21:30:44]   ── 481/4378 | 已找到 179 部
[21:30:45]   ✅ 找到第 180 部: Sono Bouken-sha, Tor → その冒険者、取り扱い注意。～正体は無敵の下僕たちを統べる異世界最強の魔導王～ (0章)
[21:31:20]   ── 501/4378 | 已找到 188 部
[21:31:22]   ❌ 第 350 部未匹配: My Stardust
[21:31:25]   ✅ 找到第 190 部: Noroware → Noroware-san Chi no Oyome-sama (3章)
[21:31:52]   ── 521/4378 | 已找到 197 部
[21:32:00]   ✅ 找到第 200 部: Mama Daite! → Kokoromade Daite (2章)
[21:32:23]   ✅ 找到第 210 部: Frederica no Asa → Frederica's Morning (0章)
[21:32:24]   ── 541/4378 | 已找到 210 部
[21:33:01]   ── 561/4378 | 已找到 218 部
[21:33:07]   ✅ 找到第 220 部: Nazo to Kiiseki Hakk → なぞとき遺跡発掘部 (0章)
[21:33:36]   ── 581/4378 | 已找到 226 部
[21:33:45]   ✅ 找到第 230 部: Suki Suki Daisuki On → Suki de Suki de, Daisuki de (2章)
[21:33:57]   ❌ 第 400 部未匹配: Makeru na Suekko
[21:34:08]   ── 601/4378 | 已找到 234 部
[21:34:20]   ✅ 找到第 240 部: Oyama no Oku no Mono → Love Story Behind Parents' Back (4章)
[21:34:39]   ── 621/4378 | 已找到 247 部
[21:34:57]   ✅ 找到第 250 部: Kimi ga Kantoku! → 君が監督！ (0章)
[21:35:14]   ── 641/4378 | 已找到 254 部
[21:35:35]   ✅ 找到第 260 部: Biaobai Meinü Zongzh → Did I Become Invincible After Confessing My Love to the Beautiful Ancestor? (7章)
[21:35:51]   ── 661/4378 | 已找到 264 部
[21:36:07]   ✅ 找到第 270 部: Limitless! → Limitless (0章)
[21:36:24]   ── 681/4378 | 已找到 274 部
[21:36:37]   ❌ 第 450 部未匹配: Hanitarou desu.
[21:36:49]   ✅ 找到第 280 部: Three Coppe → Three Coppe (0章)
[21:36:55]   ── 701/4378 | 已找到 283 部
[21:37:13]   ✅ 找到第 290 部: Shoudoubutsu-kei Rei → Shoudoubutsu-kei Reijou wa Koori no Ouji ni Dekiai Sareru (0章)
[21:37:28]   ── 721/4378 | 已找到 290 部
[21:38:03]   ── 741/4378 | 已找到 297 部
[21:38:21]   ✅ 找到第 300 部: Gamen no Kokuhaku → 陰キャの僕に罰ゲームで告白してきたはずのギャルが、どう見ても僕にベタ惚れです (67章)
[21:38:36]   ── 761/4378 | 已找到 305 部
[21:38:52]   ❌ 第 500 部未匹配: Ano ne Pyoko-tan
[21:38:58]   ✅ 找到第 310 部: Hokuro-chan → Mole-chan (0章)
[21:39:06]   ── 781/4378 | 已找到 312 部
[21:39:21]   ✅ 找到第 320 部: Shiba no Kifujin → Lady of the Lawn (0章)
[21:39:41]   ── 801/4378 | 已找到 324 部
[21:40:14]   ✅ 找到第 330 部: Boku no Itoshii Yona → My Beloved Yona-san (5章)
[21:40:23]   ── 821/4378 | 已找到 332 部
[21:40:46]   ✅ 找到第 340 部: Seishun Buta Yarou w → Rascal Does Not Dream of Logical Witch (45章)
[21:41:00]   ── 841/4378 | 已找到 343 部
[21:41:14]   ✅ 找到第 350 部: Saikyou Kanojo no Sh → 魔法少女の仕立て屋～彼は最強ではないが、彼女を最強にする衣装を仕立てて成り上がる～ (0章)
[21:41:35]   ── 861/4378 | 已找到 358 部
[21:41:37]   ✅ 找到第 360 部: Dokonjou → Guts (0章)
[21:42:03]   ✅ 找到第 370 部: Tokugawa Ieyasu → Tokugawa Ieyasu (0章)
[21:42:09]   ── 881/4378 | 已找到 371 部
[21:42:16]   ❌ 第 550 部未匹配: Supadari Miman, Kare
[21:42:44]   ── 901/4378 | 已找到 378 部
[21:42:47]   ✅ 找到第 380 部: Rinjin no Onii-san. → 隣人のお兄さん。 (0章)
[21:43:17]   ── 921/4378 | 已找到 388 部
[21:43:20]   ✅ 找到第 390 部: Doubutsuki → Animal Record (0章)
[21:43:49]   ── 941/4378 | 已找到 399 部
[21:43:50]   ✅ 找到第 400 部: Ai to Shi no Seishun → The Youth of Love and Death (1章)
[21:44:14]   ✅ 找到第 410 部: Netorare Angenica to → 寝取られアンジェニカと鬼畜伯爵 (0章)
[21:44:26]   ── 961/4378 | 已找到 413 部
[21:44:41]   ✅ 找到第 420 部: Neo Gateun Geon → Anta Nante Okotowari! (8章)
[21:45:00]   ── 981/4378 | 已找到 423 部
[21:45:20]   ❌ 第 600 部未匹配: Yorokobi yo Konnichi
[21:45:23]   ✅ 找到第 430 部: Himeko → Himeko According to the Gossip (0章)
[21:45:33]   ── 1001/4378 | 已找到 433 部
[21:45:59]   ✅ 找到第 440 部: Utsu Tenkai Daisuki  → 鬱展開大好き主人公VS優しい世界 転生先が平和すぎるので、至高の絶望を求めて旅に出ます (0章)
[21:46:06]   ── 1021/4378 | 已找到 442 部
[21:46:38]   ✅ 找到第 450 部: Angmawagyeolhon → Marriage with Evil (0章)
[21:46:40]   ── 1041/4378 | 已找到 451 部
[21:47:10]   ✅ 找到第 460 部: Shishi no Musume → Shishi no Musume (0章)
[21:47:13]   ── 1061/4378 | 已找到 461 部
[21:47:48]   ── 1081/4378 | 已找到 469 部
[21:47:49]   ✅ 找到第 470 部: Saikyou Henkyou Haku → 最恐辺境伯に拾われました、小鳥（＝悪女？）です (0章)
[21:47:55]   ❌ 第 650 部未匹配: Jeojubadeun Daegongu
[21:48:22]   ── 1101/4378 | 已找到 476 部
[21:48:32]   ✅ 找到第 480 部: Chouken Leap → Super Dog Leap (0章)
[21:48:55]   ── 1121/4378 | 已找到 489 部
[21:49:02]   ✅ 找到第 490 部: Kono Kiss wo Tomeru  → Kono Kiss ni Namae wo Tsukerunara (0章)
[21:49:33]   ── 1141/4378 | 已找到 498 部
[21:49:39]   ✅ 找到第 500 部: Toshokan no Tensai S → 図書館の天才少女～本好きの新人官吏は膨大な知識で国を救います！～ (0章)
[21:50:06]   ── 1161/4378 | 已找到 508 部
[21:50:14]   ✅ 找到第 510 部: Buchou no Koi → Buchou to Shachiku no Koi wa Modokashii (0章)
[21:50:39]   ── 1181/4378 | 已找到 519 部
[21:50:40]   ✅ 找到第 520 部: Hakkenden → Hakkenden (0章)
[21:50:50]   ❌ 第 700 部未匹配: I Sokkupchinguneun M
[21:51:11]   ✅ 找到第 530 部: Yanggireul Chaewo Ju → Captivated, by You (25章)
[21:51:15]   ── 1201/4378 | 已找到 531 部
[21:51:40]   ✅ 找到第 540 部: Gensou Suikoden Tanp → Gensou Suikoden 5 Anthology (14章)
[21:51:50]   ── 1221/4378 | 已找到 542 部
[21:52:09]   ✅ 找到第 550 部: Kubukumono → Kubukumono (0章)
[21:52:23]   ── 1241/4378 | 已找到 553 部
[21:52:44]   ✅ 找到第 560 部: Torawareta Oujo wa N → Torawareta Ojo Wa Ni Do, Shiawasena Yume  Omiru (0章)
[21:53:00]   ── 1261/4378 | 已找到 567 部
[21:53:08]   ✅ 找到第 570 部: EXORCIST → Exorcist (0章)
[21:53:32]   ── 1281/4378 | 已找到 576 部
[21:53:49]   ❌ 第 750 部未匹配: Seongcheori Noye Sun
[21:53:56]   ✅ 找到第 580 部: Copy Cat → FAIRY TAIL S (68章)
[21:54:05]   ── 1301/4378 | 已找到 583 部
[21:54:22]   ✅ 找到第 590 部: Kimi no Toriko → Koi no Himitsu Kichi (6章)
[21:54:40]   ── 1321/4378 | 已找到 597 部
[21:54:44]   ✅ 找到第 600 部: Roma no Kyuujitsu → Roman Holiday (1章)
[21:55:14]   ✅ 找到第 610 部: Aitte Nani? → Tenzan no Miko Sonin - Ochikobore no Miko ga Oukyuu ni Haitte Kuni wo Sukutta Ue ni Oujitachi ni Aisaretemasu (1章)
[21:55:15]   ── 1341/4378 | 已找到 610 部
[21:55:39]   ✅ 找到第 620 部: Haunted Campus → Haunted Campus (0章)
[21:55:50]   ── 1361/4378 | 已找到 623 部
[21:56:06]   ✅ 找到第 630 部: Houkago Chronoswitch → 放課後クロノスウィッチ (0章)
[21:56:24]   ── 1381/4378 | 已找到 637 部
[21:56:30]   ✅ 找到第 640 部: Yami ni Naku Oni → Yami ni Naku Oni (4章)
[21:56:53]   ✅ 找到第 650 部: Bouken Nihongou → Adventure Japan (0章)
[21:56:58]   ── 1401/4378 | 已找到 651 部
[21:57:32]   ── 1421/4378 | 已找到 659 部
[21:57:32]   ✅ 找到第 660 部: Kiseki no Riyuu → Kiseki no Riyuu (1章)
[21:57:35]   ❌ 第 800 部未匹配: Nippon wo Yasumou
[21:57:58]   ✅ 找到第 670 部: Seibetsu ga, nai! → Seibetsu ga, Nai! (0章)
[21:58:08]   ── 1441/4378 | 已找到 674 部
[21:58:30]   ✅ 找到第 680 部: Ore no Koto Dou Omot → Ore No Koto Do Omottenno (0章)
[21:58:41]   ── 1461/4378 | 已找到 684 部
[21:58:57]   ✅ 找到第 690 部: Kinpeibai → Kinpeibai (0章)
[21:59:14]   ── 1481/4378 | 已找到 696 部
[21:59:28]   ✅ 找到第 700 部: The Streamer → 学園の王子とゲーム実況者 (0章)
[21:59:48]   ── 1501/4378 | 已找到 704 部
[22:00:03]   ✅ 找到第 710 部: Shiawase no Kane → Love Live! - Shiawase no Kane ga Naru (Doujinshi) (1章)
[22:00:22]   ── 1521/4378 | 已找到 715 部
[22:00:41]   ✅ 找到第 720 部: Ayakashi Hime Kurena → Illusion Shingo Kurenai (0章)
[22:00:47]   ❌ 第 850 部未匹配: Aengmusaeui Adagio
[22:01:00]   ── 1541/4378 | 已找到 727 部
[22:01:11]   ✅ 找到第 730 部: E? Heibon Desu yo?? → E? Heibon Desu yo?? (36章)
[22:01:34]   ── 1561/4378 | 已找到 737 部
[22:01:42]   ✅ 找到第 740 部: Sasameki → Sasameki (0章)
[22:02:09]   ── 1581/4378 | 已找到 748 部
[22:02:19]   ✅ 找到第 750 部: Räikkönen no Nettaig → Raikonen no Nettaigyo (0章)
[22:02:42]   ── 1601/4378 | 已找到 757 部
[22:02:50]   ✅ 找到第 760 部: Virtual Beast → Virtual Beast (9章)
[22:03:14]   ✅ 找到第 770 部: Kotou no Oni → The Oni of the Isolated Island (1章)
[22:03:15]   ── 1621/4378 | 已找到 770 部
[22:03:47]   ✅ 找到第 780 部: Shinjuku Seven → Shinjuku Seven (0章)
[22:03:48]   ── 1641/4378 | 已找到 780 部
[22:04:08]   ❌ 第 900 部未匹配: www.Ttakgeollyeosseo
[22:04:10]   ✅ 找到第 790 部: Step → Ippo (35章)
[22:04:22]   ── 1661/4378 | 已找到 794 部
[22:04:37]   ✅ 找到第 800 部: Uchuusen Red Shark → Spaceship Red Shark (0章)
[22:04:58]   ── 1681/4378 | 已找到 806 部
[22:05:08]   ✅ 找到第 810 部: IDOL SCHOOL OF Gwijo → Nobles' Love Company (13章)
[22:05:30]   ✅ 找到第 820 部: Pink no Curtain → Pink Curtain (0章)
[22:05:33]   ── 1701/4378 | 已找到 821 部
[22:05:57]   ✅ 找到第 830 部: Gurazeni: Pa League- → Gurazeni - Pacific League Hen (0章)
[22:06:10]   ── 1721/4378 | 已找到 834 部
[22:06:24]   ✅ 找到第 840 部: Bocchi Biyori.. → Bocchi-Biyori.. (0章)
[22:06:46]   ── 1741/4378 | 已找到 847 部
[22:06:50]   ✅ 找到第 850 部: My Prince-sama → Watashi no Ouji-sama (17章)
[22:07:19]   ✅ 找到第 860 部: Hentai Senpai to Ore → Very Short Comic Collections (22章)
[22:07:22]   ── 1761/4378 | 已找到 860 部
[22:07:45]   ✅ 找到第 870 部: Hai Akko Desu → Hai Akko Desu (0章)
[22:07:59]   ── 1781/4378 | 已找到 874 部
[22:08:10]   ✅ 找到第 880 部: Blade Sangokushi → Blade Sangokushi Gaiden (1章)
[22:08:35]   ── 1801/4378 | 已找到 888 部
[22:08:38]   ✅ 找到第 890 部: 3nin de Aishiaimasho → Sannin de Aishiaimasho? (0章)
[22:08:39]   ❌ 第 950 部未匹配: Hoppe ni Chuuboo!
[22:09:08]   ── 1821/4378 | 已找到 898 部
[22:09:11]   ✅ 找到第 900 部: Kung Fu Tao → Kung Fu Tao (12章)
[22:09:34]   ✅ 找到第 910 部: B - Wanted → B-Wanted (24章)
[22:09:42]   ── 1841/4378 | 已找到 914 部
[22:09:55]   ✅ 找到第 920 部: Korogashi Ryouta → Korogashi Ryouta (0章)
[22:10:18]   ── 1861/4378 | 已找到 929 部
[22:10:19]   ✅ 找到第 930 部: Soreyuke! Uchuu Senk → Soreyuke! Uchuu Senkan Yamamoto Yoko (0章)
[22:10:45]   ✅ 找到第 940 部: Will → Will (3章)
[22:10:54]   ── 1881/4378 | 已找到 943 部
[22:11:19]   ✅ 找到第 950 部: Visionary → Touhou Sangetsusei ~ Visionary Fairies in Shrine. (81章)
[22:11:28]   ── 1901/4378 | 已找到 951 部
[22:11:56]   ✅ 找到第 960 部: Akarui Kazoku Keikak → Akarui Kazoku Keikaku (0章)
[22:12:04]   ── 1921/4378 | 已找到 964 部
[22:12:16]   ✅ 找到第 970 部: Diamond KISS → Diamond Kiss (5章)
[22:12:39]   ── 1941/4378 | 已找到 978 部
[22:12:42]   ✅ 找到第 980 部: Cheon We Cheon → Above the Heavens (18章)
[22:12:46]   ❌ 第 1000 部未匹配: [R-16]
[22:13:08]   ✅ 找到第 990 部: Nante Suteki ni Japa → Nante Suteki ni Japanesque (0章)
[22:13:16]   ── 1961/4378 | 已找到 994 部
[22:13:37]   ✅ 找到第 1000 部: Comic → COMICAL MAID ROSEMARY (0章)
[22:13:50]   ── 1981/4378 | 已找到 1006 部
[22:14:00]   ✅ 找到第 1010 部: Lovely Sick → Touhou - Parsee (Loves Marisa So Much It) Is Sickening (Doujinshi) (1章)
[22:14:24]   ✅ 找到第 1020 部: Hoshikuzu Paradise → Hoshikuzu Paradise (0章)
[22:14:26]   ── 2001/4378 | 已找到 1020 部
[22:14:49]   ✅ 找到第 1030 部: Michibata no Tenshi → Angel on the Roadside (17章)
[22:14:58]   ── 2021/4378 | 已找到 1033 部
[22:15:18]   ✅ 找到第 1040 部: Embrace → Embrace You - Married On The First Day (0章)
[22:15:34]   ── 2041/4378 | 已找到 1045 部
[22:15:47]   ✅ 找到第 1050 部: Nanka Youkai!? → Is There Some Yokai!? (0章)
[22:16:11]   ── 2061/4378 | 已找到 1057 部
[22:16:23]   ✅ 找到第 1060 部: Jipchak Gwanggongdeu → The Obsessive Male Leads Want to Eat Me Alive (Promo) (1章)
[22:16:43]   ✅ 找到第 1070 部: Arukasaru: Oujou → Alcázar - King (0章)
[22:16:46]   ── 2081/4378 | 已找到 1071 部
[22:17:08]   ❌ 第 1050 部未匹配: Nan Kkonminami Joa
[22:17:10]   ✅ 找到第 1080 部: Bi Mil → Seal Me 900 Million Times! (44章)
[22:17:23]   ── 2101/4378 | 已找到 1086 部
[22:17:29]   ✅ 找到第 1090 部: SM Hunter → Spam Mail Hunter (37章)
[22:17:47]   ✅ 找到第 1100 部: Gakkou no Kaidan → Ghost School (0章)
[22:17:59]   ── 2121/4378 | 已找到 1105 部
[22:18:09]   ✅ 找到第 1110 部: Akiru made Hanasou y → Akiru made Hanasou yo (1章)
[22:18:30]   ✅ 找到第 1120 部: Tokimeki Midnight → Tokimeki Midnight (0章)
[22:18:35]   ── 2141/4378 | 已找到 1122 部
[22:18:52]   ✅ 找到第 1130 部: Kounai Sandai Bijo n → I’m a Kept Man for the Three Most Beautiful Girls in School (4章)
[22:19:10]   ── 2161/4378 | 已找到 1138 部
[22:19:14]   ✅ 找到第 1140 部: Otokojuku Gaiden: Da → Otokojuku Gaiden - Daigouin Jaki (31章)
[22:19:38]   ✅ 找到第 1150 部: Star Ocean: Blue Sph → Star Ocean - Blue Sphere (16章)
[22:19:45]   ── 2181/4378 | 已找到 1153 部
[22:19:57]   ✅ 找到第 1160 部: Plamo Kyoushirou → Plamo-Kyoshiro (58章)
[22:20:22]   ✅ 找到第 1170 部: Old Master Q → Old Master Q (0章)
[22:20:23]   ── 2201/4378 | 已找到 1170 部
[22:20:43]   ✅ 找到第 1180 部: Daesahyeong Lee-Hoe → 대사형 이회 (8章)
[22:20:58]   ── 2221/4378 | 已找到 1183 部
[22:21:11]   ✅ 找到第 1190 部: Dark Green → Dark Green (2章)
[22:21:33]   ── 2241/4378 | 已找到 1198 部
[22:21:35]   ✅ 找到第 1200 部: Again → Again (0章)
[22:21:57]   ✅ 找到第 1210 部: Kagehime → Kagehime no Konrei (32章)
[22:22:09]   ── 2261/4378 | 已找到 1216 部
[22:22:15]   ✅ 找到第 1220 部: Maou-sama, Re Re Rev → 魔王さま、リリリベンジ！ (11章)
[22:22:33]   ✅ 找到第 1230 部: Outaishihi ni Nante  → Outaishihi ni Nante Naritakunai!! (27章)
[22:22:45]   ── 2281/4378 | 已找到 1235 部
[22:22:58]   ✅ 找到第 1240 部: Son Gokuu → Son Goku (2章)
[22:23:18]   ── 2301/4378 | 已找到 1249 部
[22:23:19]   ✅ 找到第 1250 部: Zensei wo Koeru Ken  → 史上最強の魔法剣士、Fランク冒険者に転生する～剣聖と魔帝、2つの前世を持った男の英雄譚～ (235章)
[22:23:43]   ✅ 找到第 1260 部: Meitantei Yumemizu K → Meitantei Yumemizu Kiyoshirou Jiken Note (0章)
[22:23:56]   ── 2321/4378 | 已找到 1264 部
[22:24:08]   ✅ 找到第 1270 部: Youkya ni Natta Ore  → 陽キャになった俺の青春至上主義 (14章)
[22:24:32]   ❌ 第 1100 部未匹配: Bigongsik CC
[22:24:33]   ── 2341/4378 | 已找到 1277 部
[22:24:37]   ✅ 找到第 1280 部: Mystery Minzoku Gaku → ミステリー民俗学者 八雲樹 (47章)
[22:24:58]   ✅ 找到第 1290 部: Kakeru → Kakeru (95章)
[22:25:11]   ── 2361/4378 | 已找到 1295 部
[22:25:22]   ✅ 找到第 1300 部: Da Capo Second Gradu → D.C.S.G. ~Da Capo - Second Graduation~ (14章)
[22:25:44]   ✅ 找到第 1310 部: Gum Gum Punch → ガムガムパンチ (0章)
[22:25:46]   ── 2381/4378 | 已找到 1310 部
[22:26:07]   ✅ 找到第 1320 部: Kui-tan → The Case Files of the Gourmand Detective (51章)
[22:26:21]   ── 2401/4378 | 已找到 1325 部
[22:26:29]   ✅ 找到第 1330 部: Zui Qiang Ren Ge → Zui Qiang Ren Ge (22章)
[22:26:52]   ✅ 找到第 1340 部: Nasubi Joou → Queen Eggplant (0章)
[22:26:58]   ── 2421/4378 | 已找到 1343 部
[22:27:09]   ✅ 找到第 1350 部: Muteki Kanban Musume → Noodle Fighter Miki (2章)
[22:27:32]   ✅ 找到第 1360 部: Sonicomi - Communica → Sonicomi (0章)
[22:27:35]   ── 2441/4378 | 已找到 1361 部
[22:27:56]   ✅ 找到第 1370 部: Pita-Ten → Clinging Angel (99章)
[22:28:10]   ── 2461/4378 | 已找到 1376 部
[22:28:19]   ✅ 找到第 1380 部: Perman → Perman (38章)
[22:28:38]   ✅ 找到第 1390 部: Raika Days → Raika Days (48章)
[22:28:47]   ── 2481/4378 | 已找到 1393 部
[22:29:03]   ✅ 找到第 1400 部: Wo, Nü Jiqiren → I, the Female Robot (287章)
[22:29:22]   ── 2501/4378 | 已找到 1407 部
[22:29:28]   ✅ 找到第 1410 部: Kage Kara Mamoru! → Kage Kara Mamoru (18章)
[22:29:51]   ✅ 找到第 1420 部: Kuro no Kishi → Kuro no Kishi (5章)
[22:29:58]   ── 2521/4378 | 已找到 1422 部
[22:30:16]   ✅ 找到第 1430 部: Sorenari ni Shinken  → Sorenari ni Shinken Nandesu - Suki no Katei (Doujinshi) (2章)
[22:30:35]   ── 2541/4378 | 已找到 1437 部
[22:30:40]   ✅ 找到第 1440 部: Yuureisen → Phantom Ship (6章)
[22:31:00]   ✅ 找到第 1450 部: [Kamikai] Ikemen Hai → [Kamikai] Ikemen Haishinsha ni Ria Totsu Shitemita (5章)
[22:31:12]   ── 2561/4378 | 已找到 1455 部
[22:31:23]   ✅ 找到第 1460 部: Isekai de Mofumofu N → Isekai de Mofumofu Nadenade Suru Tame ni Ganbattemasu. (16章)
[22:31:43]   ✅ 找到第 1470 部: Yatogame-chan Kansat → Yatogame-chan Observation Diary (0章)
[22:31:49]   ── 2581/4378 | 已找到 1471 部
[22:32:08]   ✅ 找到第 1480 部: Sekai wo Tsunagi Tsu → 世界を繋ぎ尽くすインターネット巫女 (5章)
[22:32:28]   ── 2601/4378 | 已找到 1489 部
[22:32:29]   ✅ 找到第 1490 部: 009-1 → 009-1 (0章)
[22:32:47]   ✅ 找到第 1500 部: Hwangjaui Bomo, Teuk → 황자의 보모, 특기는 암살입니다 (0章)
[22:32:54]   ❌ 第 1150 部未匹配: Sasami-san@Ganbarana
[22:33:04]   ── 2621/4378 | 已找到 1506 部
[22:33:11]   ✅ 找到第 1510 部: Mouryou Senki MADARA → Madara (2章)
[22:33:34]   ✅ 找到第 1520 部: Asobi ni Iku yo! → Asobi ni Ikuyo! (25章)
[22:33:41]   ── 2641/4378 | 已找到 1523 部
[22:33:54]   ✅ 找到第 1530 部: Sheng Wang → Sheng Wang (29章)
[22:34:17]   ✅ 找到第 1540 部: Re-Kan! → Re-Kan! (28章)
[22:34:18]   ── 2661/4378 | 已找到 1540 部
[22:34:37]   ✅ 找到第 1550 部: Gensou Suikoden III: → Genso Suikoden III (21章)
[22:34:55]   ── 2681/4378 | 已找到 1557 部
[22:34:59]   ✅ 找到第 1560 部: Ore, Twintail ni Nar → Ore, Twintail ni Narimasu. Pai (3章)
[22:35:21]   ✅ 找到第 1570 部: Himegoto Kakushigoto → ひめごとかくしごと (25章)
[22:35:32]   ── 2701/4378 | 已找到 1575 部
[22:35:42]   ✅ 找到第 1580 部: HAL FORMULA → ハルフォーミュラ (3章)
[22:36:07]   ✅ 找到第 1590 部: Haibara-kun no Tsuyo → Haibara-kun no Tsuyokute Seishun New Game (29章)
[22:36:10]   ── 2721/4378 | 已找到 1591 部
[22:36:33]   ✅ 找到第 1600 部: Ah Itoshi no Banchou → Aa! Itoshi no Banchou-sama (35章)
[22:36:48]   ── 2741/4378 | 已找到 1606 部
[22:36:56]   ✅ 找到第 1610 部: Tensei Shitara Drago → 転生したらドラゴンの卵だった　～イバラのドラゴンロード～ (172章)
[22:37:24]   ── 2761/4378 | 已找到 1619 部
[22:37:25]   ✅ 找到第 1620 部: Wild Adapter → Wild Adapter (66章)
[22:37:44]   ✅ 找到第 1630 部: Re:Monster → リ・モンスター (501章)
[22:38:03]   ── 2781/4378 | 已找到 1637 部
[22:38:08]   ✅ 找到第 1640 部: Itai no wa Iya nano  → BOFURI: I Don't Want to Get Hurt, so I'll Max Out My Defense. (130章)
[22:38:33]   ✅ 找到第 1650 部: Quanqiu Gaokao → Global University Entrance Examination (103章)
[22:38:42]   ── 2801/4378 | 已找到 1654 部
[22:38:57]   ✅ 找到第 1660 部: Han Juljja-ri Yeonga → The Heroine of Drayfox (0章)
[22:39:17]   ✅ 找到第 1670 部: Shiou no Kikan: Moto → 屍王の帰還　～元勇者の俺、自分が組織した厨二秘密結社を止めるために再び異世界に召喚されてしまう～ (101章)
[22:39:22]   ── 2821/4378 | 已找到 1672 部
[22:39:38]   ✅ 找到第 1680 部: Seihantai na Watashi → 正反対なわたしたち (80章)
[22:39:59]   ✅ 找到第 1690 部: Kono Healer, Mendoku → Kono Healer, Mendokusai (141章)
[22:40:04]   ── 2841/4378 | 已找到 1692 部
[22:40:19]   ✅ 找到第 1700 部: Sesangman Guhago Eun → For My Own Good (0章)
[22:40:42]   ✅ 找到第 1710 部: Homeless Tensei: Ise → ホームレス転生～異世界で自由すぎる自給自足生活～ (74章)
[22:40:45]   ── 2861/4378 | 已找到 1711 部
[22:41:03]   ✅ 找到第 1720 部: Nappeun Saram → Bad Guy (83章)
[22:41:24]   ✅ 找到第 1730 部: Zombie World de Hare → ゾンビ世界〈ワールド〉でハーレムをつくろう！ (52章)
[22:41:25]   ── 2881/4378 | 已找到 1730 部
[22:41:45]   ✅ 找到第 1740 部: Onee-sama to Watashi → お姉さまと巨人 ～お嬢さまが異世界転生～ (97章)
[22:42:04]   ✅ 找到第 1750 部: Isekai Maou to Shouk → Isekai Maou to Shoukan Shoujo no Dorei Majutsu (0章)
[22:42:05]   ── 2901/4378 | 已找到 1750 部
[22:42:24]   ✅ 找到第 1760 部: Jaeneungmallep Playe → Maxed Talent Player (66章)
[22:42:44]   ✅ 找到第 1770 部: Tamaranai no wa Koi  → たまらないのは恋なのか (44章)
[22:42:46]   ── 2921/4378 | 已找到 1770 部
[22:43:04]   ✅ 找到第 1780 部: Orc Eiyuu Monogatari → オーク英雄物語 忖度列伝 (2章)
[22:43:27]   ✅ 找到第 1790 部: Rain → Rain (533章)
[22:43:28]   ── 2941/4378 | 已找到 1790 部
[22:43:47]   ✅ 找到第 1800 部: Kanpeki Sugite Kawai → 完璧すぎて可愛げがないと婚約破棄された聖女は隣国に売られる (43章)
[22:44:08]   ✅ 找到第 1810 部: Sen no Skill wo Mots → 千のスキルを持つ男　異世界で召喚獣はじめました！ (92章)
[22:44:09]   ── 2961/4378 | 已找到 1810 部
[22:44:27]   ✅ 找到第 1820 部: Hoshikuzu Telepath → 星屑テレパス (151章)
[22:44:48]   ✅ 找到第 1830 部: Dungeon ni Deai wo M → ダンジョンに出会いを求めるのは間違っているだろうか 外伝　ソード・オラトリア (18章)
[22:44:49]   ── 2981/4378 | 已找到 1830 部
[22:45:09]   ✅ 找到第 1840 部: Tonari no Kuuderella → 隣のクーデレラを甘やかしたら、ウチの合鍵を渡すことになった (89章)
[22:45:29]   ✅ 找到第 1850 部: Bouncer → バウンサー (112章)
[22:45:31]   ── 3001/4378 | 已找到 1850 部
[22:45:50]   ✅ 找到第 1860 部: Isshun de Chiryou Sh → 一瞬で治療していたのに役立たずと追放された天才治癒師、闇ヒーラーとして楽しく生きる（コミック） (32章)
[22:46:10]   ── 3021/4378 | 已找到 1869 部
[22:46:11]   ✅ 找到第 1870 部: Solo Play-ui Jewang → 솔플의 제왕 (1章)
[22:46:31]   ✅ 找到第 1880 部: Tantei wa mou, Shind → La detective está muerta (23章)
[22:46:52]   ── 3041/4378 | 已找到 1889 部
[22:46:52]   ✅ 找到第 1890 部: Dame Ningen no Aishi → ダメ人間の愛しかた (69章)
[22:47:13]   ✅ 找到第 1900 部: Watashi ga Koibito n → わたしが恋人になれるわけないじゃん、ムリムリ！（※ムリじゃなかった！？） (325章)
[22:47:34]   ── 3061/4378 | 已找到 1908 部
[22:47:38]   ✅ 找到第 1910 部: Akuyaku Reijou desu  → 悪役令嬢ですが、幸せになってみせますわ! アンソロジーコミック ざまぁ編 (0章)
[22:47:57]   ✅ 找到第 1920 部: Five Star Stories → The Five Star Stories (29章)
[22:48:14]   ── 3081/4378 | 已找到 1928 部
[22:48:18]   ✅ 找到第 1930 部: Watashi no Shiawase  → Watashi no Shiawase na Kekkon (10章)
[22:48:37]   ✅ 找到第 1940 部: Boku no Okusan wa Ch → 僕の奥さんはちょっと怖い (41章)
[22:48:55]   ── 3101/4378 | 已找到 1948 部
[22:48:57]   ✅ 找到第 1950 部: Inaka no Home Center → 田舎のホームセンター男の自由な異世界生活 (198章)
[22:49:16]   ✅ 找到第 1960 部: Gochuumon wa Usagi d → ご注文はうさぎですか？ (356章)
[22:49:34]   ── 3121/4378 | 已找到 1968 部
[22:49:38]   ✅ 找到第 1970 部: PASSION → Passion (0章)
[22:50:00]   ✅ 找到第 1980 部: Noraneko to Ookami → 野良猫と狼 (43章)
[22:50:16]   ── 3141/4378 | 已找到 1987 部
[22:50:21]   ✅ 找到第 1990 部: Wo Bei Kun Zai Tong  → I Was Stuck On The Same Day For 100,000 Years (137章)
[22:50:44]   ✅ 找到第 2000 部: Kaji Daikou no Arbei → 家事代行のアルバイトを始めたら学園一の美少女の家族に気に入られちゃいました。 (101章)
[22:50:58]   ── 3161/4378 | 已找到 2007 部
[22:51:03]   ✅ 找到第 2010 部: Honey Trap Shared Ho → ハニートラップ・シェアハウス (41章)
[22:51:23]   ✅ 找到第 2020 部: Maou Toubatsu Shita  → 魔王討伐したあと、目立ちたくないのでギルドマスターになった (107章)
[22:51:39]   ── 3181/4378 | 已找到 2027 部
[22:51:44]   ✅ 找到第 2030 部: Henkyou no Kusushi,  → 辺境の薬師、都でＳランク冒険者となる～英雄村の少年がチート薬で無自覚無双～ (88章)
[22:52:05]   ✅ 找到第 2040 部: Shachou to Sake to H → 社長と酒と星 (239章)
[22:52:20]   ── 3201/4378 | 已找到 2047 部
[22:52:24]   ✅ 找到第 2050 部: Akuyaku Reijou wa Ri → 悪役令嬢は隣国の王太子に溺愛される (143章)
[22:52:48]   ✅ 找到第 2060 部: Neta Character Tense → Did I Seriously Just Get Reincarnated as My Gag Character?! (183章)
[22:53:05]   ── 3221/4378 | 已找到 2066 部
[22:53:12]   ✅ 找到第 2070 部: Urakata de Support S → 裏方でサポートしてた芸能一家を追放された僕は、普通の青春を謳歌したい。 (69章)
[22:53:34]   ✅ 找到第 2080 部: Wo De Shiwu Kan Qila → 我的食物看起来很可爱 (580章)
[22:53:49]   ── 3241/4378 | 已找到 2086 部
[22:53:56]   ✅ 找到第 2090 部: Leadale no Daichi ni → リアデイルの大地にて (94章)
[22:54:16]   ✅ 找到第 2100 部: Mujigaereul Boneun C → 무지개를 보는 천재마법사 (0章)
[22:54:30]   ── 3261/4378 | 已找到 2106 部
[22:54:38]   ✅ 找到第 2110 部: Wan Zha Chao Huang → Gli Uomini Traditori Devono Morire (626章)
[22:55:02]   ✅ 找到第 2120 部: Gaishuu Isshoku! → ガイシューイッショク！ (6章)
[22:55:13]   ── 3281/4378 | 已找到 2125 部
[22:55:22]   ✅ 找到第 2130 部: NINE PEAKS → ナインピークス NINE PEAKS (739章)
[22:55:41]   ✅ 找到第 2140 部: Isekai Munchkin: HP  → 異世界マンチキン　ーＨＰ１のままで最強最速ダンジョン攻略ー (111章)
[22:55:52]   ── 3301/4378 | 已找到 2145 部
[22:56:02]   ✅ 找到第 2150 部: Hwasanpa Cheonjaegeo → El genio espadachín fantasma de la Secta del Monte Hua (1章)
[22:56:24]   ✅ 找到第 2160 部: Saikyou no Shokugyou → 最強の職業は勇者でも賢者でもなく鑑定士（仮）らしいですよ？ (75章)
[22:56:35]   ── 3321/4378 | 已找到 2165 部
[22:56:44]   ✅ 找到第 2170 部: Akuyaku Reijou Tense → おじ転生～悪役令嬢の加齢なる生活～ (14章)
[22:57:04]   ✅ 找到第 2180 部: Yangchigi Mabeopsa → 양치기 마법사 (0章)
[22:57:15]   ── 3341/4378 | 已找到 2185 部
[22:57:26]   ✅ 找到第 2190 部: Sousei no Taiga → 創世のタイガ (21章)
[22:57:46]   ✅ 找到第 2200 部: xxxHOLiC: Rei → xxxHOLiC・戻 (141章)
[22:57:55]   ── 3361/4378 | 已找到 2204 部
[22:58:06]   ✅ 找到第 2210 部: Ao no Orchestra → 青のオーケストラ (3章)
[22:58:28]   ✅ 找到第 2220 部: Ore wa Subete wo [Pa → 俺は全てを【パリイ】する～逆勘違いの世界最強は冒険者の夢をみる～ (90章)
[22:58:38]   ── 3381/4378 | 已找到 2224 部
[22:58:49]   ✅ 找到第 2230 部: Tama no Gohoubi → Tama no Gohoubi (0章)
[22:59:09]   ✅ 找到第 2240 部: "Ano Toki Tasukete I → 「あのとき助けていただいたモンスター娘です。」異世界おっさん教師 突然のモテ期に困惑する (147章)
[22:59:19]   ── 3401/4378 | 已找到 2244 部
[22:59:30]   ✅ 找到第 2250 部: Jitsu wa Imouto Desh → じつは義妹でした。～最近できた義理の弟の距離感がやたら近いわけ～ (111章)
[22:59:53]   ✅ 找到第 2260 部: Ore ni Trauma wo Ata → 俺にトラウマを与えた女子達がチラチラ見てくるけど、残念ですが手遅れです (199章)
[23:00:01]   ── 3421/4378 | 已找到 2263 部
[23:00:14]   ✅ 找到第 2270 部: Yurufuwa Nouka no Mo → ゆるふわ農家の文字化けスキル　～異世界でカタログ通販やってます～ (38章)
[23:00:39]   ✅ 找到第 2280 部: Radiation House → Radiation House (550章)
[23:00:45]   ── 3441/4378 | 已找到 2282 部
[23:01:01]   ✅ 找到第 2290 部: Kyuuseishu ≪Messiah≫ → 救世主《メシア》～異世界を救った元勇者が魔物のあふれる現実世界を無双する～ (112章)
[23:01:21]   ✅ 找到第 2300 部: Imaizumin-chi wa Dou → 今泉ん家はどうやらギャルの溜まり場になってるらしい～DEEP～ (241章)
[23:01:27]   ── 3461/4378 | 已找到 2302 部
[23:01:43]   ✅ 找到第 2310 部: Baby Pokgun → Baby Tyrant (0章)
[23:02:03]   ✅ 找到第 2320 部: Heterogenia Linguist → ヘテロゲニア リンギスティコ ～異種族言語学入門～ (2章)
[23:02:08]   ── 3481/4378 | 已找到 2321 部
[23:02:26]   ✅ 找到第 2330 部: GREAT PRETENDER → GREAT PRETENDER (5章)
[23:02:46]   ✅ 找到第 2340 部: Dungeon no Osananaji → ダンジョンの幼なじみ (134章)
[23:02:50]   ── 3501/4378 | 已找到 2341 部
[23:03:08]   ✅ 找到第 2350 部: Shuukatsu Shippai sh → Shuukatsu Shippai shita Succubus-san wo Hiroimashita (135章)
[23:03:29]   ✅ 找到第 2360 部: The Challenger → The Challenger (0章)
[23:03:32]   ── 3521/4378 | 已找到 2361 部
[23:03:48]   ✅ 找到第 2370 部: Eiyuu Kyoushitsu → 英雄教室 (11章)
[23:04:10]   ✅ 找到第 2380 部: Poputepipikku → Pop Team Epic (159章)
[23:04:11]   ── 3541/4378 | 已找到 2380 部
[23:04:31]   ✅ 找到第 2390 部: 31 Beonjjae Mareun G → Playing Revenge Against God (0章)
[23:04:54]   ✅ 找到第 2400 部: Harem-ui Namjadeul → Men of the Harem (0章)
[23:04:56]   ── 3561/4378 | 已找到 2400 部
[23:05:15]   ✅ 找到第 2410 部: Assassin & Cinderell → アサシン＆シンデレラ (0章)
[23:05:35]   ✅ 找到第 2420 部: "Kouryakubon" wo Kus → The Strongest Wizard Making Full Use of the Strategy Guide -No Taking Orders, I’ll Slay the Demon King My Own Way- (0章)
[23:05:36]   ── 3581/4378 | 已找到 2420 部
[23:05:55]   ✅ 找到第 2430 部: Yamaguchi-kun wa War → 山口くんはワルくない (59章)
[23:06:19]   ✅ 找到第 2440 部: Yowamushi Pedal → Yowamushi Pedal (2587章)
[23:06:20]   ── 3601/4378 | 已找到 2440 部
[23:06:41]   ✅ 找到第 2450 部: Nageki no Bourei wa  → 嘆きの亡霊は引退したい ～最弱ハンターによる最強パーティ育成術～ (205章)
[23:07:01]   ── 3621/4378 | 已找到 2459 部
[23:07:02]   ✅ 找到第 2460 部: Gajjareul Wihan Jang → Philomel the Fake (40章)
[23:07:25]   ✅ 找到第 2470 部: Cheat Kusushi no Slo → チート薬師のスローライフ～異世界に作ろうドラッグストア～ (152章)
[23:07:44]   ── 3641/4378 | 已找到 2478 部
[23:07:48]   ✅ 找到第 2480 部: Mushoku Tensei: Isek → 無職転生 ～異世界行ったら本気だす～ 失意の魔術師編 (51章)
[23:08:01]   ❌ 第 1200 部未匹配: Perfect Half
[23:08:09]   ✅ 找到第 2490 部: Mamahaha no Tsurego  → 継母の連れ子が元カノだった (264章)
[23:08:26]   ── 3661/4378 | 已找到 2497 部
[23:08:31]   ✅ 找到第 2500 部: Make Heroine ga Oosu → 負けヒロインが多すぎる！＠comic (47章)
[23:08:51]   ✅ 找到第 2510 部: Cool Doji Danshi → Play It Cool, Guys (18章)
[23:09:04]   ── 3681/4378 | 已找到 2516 部
[23:09:13]   ✅ 找到第 2520 部: Doukutsuou kara Haji → 洞窟王からはじめる楽園ライフ～万能の採掘スキルで最強に!?～ (170章)
[23:09:35]   ✅ 找到第 2530 部: Murime Tteoreojin Hy → A Modern Man Who Transmigrated Into the Murim World (4章)
[23:09:47]   ── 3701/4378 | 已找到 2536 部
[23:09:54]   ✅ 找到第 2540 部: Isekai NTR: Shinyuu  → 異世界NTR～親友のオンナを最強スキルで堕とす方法～ (346章)
[23:10:14]   ✅ 找到第 2550 部: Red Storm → Red Storm (2章)
[23:10:27]   ── 3721/4378 | 已找到 2556 部
[23:10:33]   ✅ 找到第 2560 部: S-Rank Boukensha de  → Sランク冒険者である俺の娘たちは重度のファザコンでした (208章)
[23:10:57]   ✅ 找到第 2570 部: Imasara desu ga, Osa → 今さらですが、幼なじみを好きになってしまいました (459章)
[23:11:11]   ── 3741/4378 | 已找到 2576 部
[23:11:17]   ✅ 找到第 2580 部: Kino no Tabi: the Be → Kino's Journey (7章)
[23:11:38]   ✅ 找到第 2590 部: Kaiko sareta Ankoku  → 解雇された暗黒兵士（３０代）のスローなセカンドライフ (0章)
[23:11:51]   ── 3761/4378 | 已找到 2596 部
[23:11:59]   ✅ 找到第 2600 部: Tai-Ari deshita.: Oj → 対ありでした。～お嬢さまは格闘ゲームなんてしない～ (41章)
[23:12:19]   ✅ 找到第 2610 部: Nogeumui Gwan → Amor eterno (10章)
[23:12:31]   ── 3781/4378 | 已找到 2615 部
[23:12:39]   ✅ 找到第 2620 部: Dore ga Koi ka ga Wa → どれが恋かがわからない (110章)
[23:12:59]   ✅ 找到第 2630 部: Game of Familia: Fam → ゲーム　オブ　ファミリア-家族戦記- (191章)
[23:13:11]   ── 3801/4378 | 已找到 2635 部
[23:13:20]   ✅ 找到第 2640 部: Guanyu Bei Banshang  → 关于被班上绿茶威胁那件事 (198章)
[23:13:40]   ✅ 找到第 2650 部: Garbage Brave: Iseka → Garbage Brave: Revenge Story of a Hero Who Has Been Thrown Away After Being Summoned to Another World (161章)
[23:13:52]   ── 3821/4378 | 已找到 2655 部
[23:14:01]   ✅ 找到第 2660 部: Anta to Osananajimit → アンタと幼なじみってだけでもイヤなのに！～絶交から始まるS級美少女との学園成り上がり生活～ (102章)
[23:14:23]   ✅ 找到第 2670 部: Boukensha ni Naritai → 冒険者になりたいと都に出て行った娘がＳランクになってた 黒髪の戦乙女 (182章)
[23:14:33]   ── 3841/4378 | 已找到 2675 部
[23:14:43]   ✅ 找到第 2680 部: Hazure Skill "Kage g → 外れスキル「影が薄い」を持つギルド職員が、実は伝説の暗殺者 (148章)
[23:15:02]   ✅ 找到第 2690 部: Shijou Saikyou no Ma → 史上最強の魔法剣士、Fランク冒険者に転生する～剣聖と魔帝、2つの前世を持った男の英雄譚～ (235章)
[23:15:14]   ── 3861/4378 | 已找到 2695 部
[23:15:23]   ✅ 找到第 2700 部: Sahyeong Jiphaenggwa → The Executioner (39章)
[23:15:48]   ✅ 找到第 2710 部: Meccha Shoukan Saret → めっちゃ召喚された件 (127章)
[23:15:57]   ── 3881/4378 | 已找到 2714 部
[23:16:10]   ✅ 找到第 2720 部: Shinka Tokusei de Sa → The Strongest Evolutionary Necromancer (14章)
[23:16:32]   ✅ 找到第 2730 部: Cheonhwaseogo Daegon → Heavenly Grand Archive's Young Master (3章)
[23:16:41]   ── 3901/4378 | 已找到 2734 部
[23:16:54]   ✅ 找到第 2740 部: Youjo Senki → 幼女戦記 (525章)
[23:17:15]   ✅ 找到第 2750 部: Nito no Taidana Isek → ニトの怠惰な異世界症候群 ～最弱職＜ヒーラー＞なのに最強はチートですか？～ (161章)
[23:17:22]   ── 3921/4378 | 已找到 2753 部
[23:17:36]   ✅ 找到第 2760 部: Noa-senpai wa Tomoda → のあ先輩はともだち。 (410章)
[23:17:56]   ✅ 找到第 2770 部: Jasal Sonyeon → Suicide Boy (1章)
[23:18:04]   ── 3941/4378 | 已找到 2773 部
[23:18:15]   ✅ 找到第 2780 部: Chang Ge Xing → Song of the Long March (212章)
[23:18:37]   ✅ 找到第 2790 部: Kim Bujang → Manager Kim (11章)
[23:18:44]   ── 3961/4378 | 已找到 2793 部
[23:18:57]   ✅ 找到第 2800 部: Imaizumin-chi wa Dou → 今泉ん家はどうやらギャルの溜まり場になってるらしい～DEEP～ (241章)
[23:19:18]   ✅ 找到第 2810 部: Wo Zhen Bushi Xie Sh → 我真不是邪神走狗 (450章)
[23:19:26]   ── 3981/4378 | 已找到 2813 部
[23:19:41]   ✅ 找到第 2820 部: Biroe-do → Masters of Lightning Knives (15章)
[23:20:00]   ✅ 找到第 2830 部: Isekai Yakkyoku → 異世界薬局 (364章)
[23:20:07]   ── 4001/4378 | 已找到 2833 部
[23:20:19]   ✅ 找到第 2840 部: Kono Subarashii Seka → この素晴らしい世界に祝福を！ (345章)
[23:20:39]   ✅ 找到第 2850 部: Class no Daikirai na → クラスの大嫌いな女子と結婚することになった。 (191章)
[23:20:46]   ── 4021/4378 | 已找到 2853 部
[23:20:59]   ✅ 找到第 2860 部: Kyuujitsu no Warumon → Mr. Villain's Day Off (257章)
[23:21:19]   ✅ 找到第 2870 部: Kesa mo Yuraretemasu → 今朝も揺られてます (218章)
[23:21:28]   ── 4041/4378 | 已找到 2873 部
[23:21:40]   ✅ 找到第 2880 部: Watashi ga Koibito n → わたしが恋人になれるわけないじゃん、ムリムリ！（※ムリじゃなかった！？） (325章)
[23:22:01]   ✅ 找到第 2890 部: Death March Kara Haj → デスマーチからはじまる異世界狂想曲 (689章)
[23:22:09]   ── 4061/4378 | 已找到 2893 部
[23:22:22]   ✅ 找到第 2900 部: Museru Kurai no Ai w → Museru Kurai no Ai o Ageru (36章)
[23:22:42]   ✅ 找到第 2910 部: SHIORI EXPERIENCE: J → SHIORI EXPERIENCE　ジミなわたしとヘンなおじさん (27章)
[23:22:50]   ── 4081/4378 | 已找到 2913 部
[23:23:04]   ✅ 找到第 2920 部: Geomppallo Level Up → Disciple of the Holy Sword (0章)
[23:23:24]   ✅ 找到第 2930 部: MURCIÉLAGO → Murciélago (327章)
[23:23:32]   ── 4101/4378 | 已找到 2933 部
[23:23:45]   ✅ 找到第 2940 部: One Punch Man → ワンパンマン (1901章)
[23:24:03]   ✅ 找到第 2950 部: Natsume Yuujinchou → 夏目友人帳 (421章)
[23:24:10]   ── 4121/4378 | 已找到 2953 部
[23:24:23]   ✅ 找到第 2960 部: Onii-chan wa Oshimai → Ab sofort Schwester! (1604章)
[23:24:43]   ✅ 找到第 2970 部: Yaiteru Futari → 焼いてるふたり (26章)
[23:24:50]   ── 4141/4378 | 已找到 2973 部
[23:25:02]   ✅ 找到第 2980 部: Tower Dungeon → タワーダンジョン (47章)
[23:25:22]   ✅ 找到第 2990 部: Tensei Shitara Dai N → 転生したら第七王子だったので、気ままに魔術を極めます (227章)
[23:25:30]   ── 4161/4378 | 已找到 2993 部
[23:25:42]   ✅ 找到第 3000 部: Isekai de Cheat Skil → 異世界でチート能力を手にした俺は、現実世界をも無双する～レベルアップは人生を変えた～ (205章)
[23:26:02]   ✅ 找到第 3010 部: Youchien WARS → Kindergarten WARS (100章)
[23:26:08]   ── 4181/4378 | 已找到 3013 部
[23:26:21]   ✅ 找到第 3020 部: Jakjeonmyeong Sunjeo → 작전명 순정 (5章)
[23:26:41]   ✅ 找到第 3030 部: Parallel Paradise → Parallel Paradise (Fan Colored) (161章)
[23:26:48]   ── 4201/4378 | 已找到 3033 部
[23:27:01]   ✅ 找到第 3040 部: Meitantei Conan → Detective Conan (6052章)
[23:27:20]   ✅ 找到第 3050 部: LOVE-BULLET → ラブ・バレット (111章)
[23:27:28]   ── 4221/4378 | 已找到 3053 部
[23:27:39]   ✅ 找到第 3060 部: Dungeon Gyeonmullok → Dungeon Odyssey (39章)
[23:27:59]   ✅ 找到第 3070 部: Hwansaengui Jeongseo → 환생의 정석 (91章)
[23:28:06]   ── 4241/4378 | 已找到 3073 部
[23:28:19]   ✅ 找到第 3080 部: Akagami no Shirayuki → Akagami no Shirayukihime (476章)
[23:28:38]   ✅ 找到第 3090 部: DEAD Tube → DEAD Tube (490章)
[23:28:46]   ── 4261/4378 | 已找到 3093 部
[23:29:00]   ✅ 找到第 3100 部: Tougen Anki → 桃源暗鬼 (1136章)
[23:29:20]   ✅ 找到第 3110 部: Hoegwija Sayongseolm → How to Use a Returner (0章)
[23:29:27]   ── 4281/4378 | 已找到 3113 部
[23:29:40]   ✅ 找到第 3120 部: Haegolbyeongsaneun D → The Skeleton Soldier Failed to Defend the Dungeon (278章)
[23:30:01]   ✅ 找到第 3130 部: Dai Dark → Dai Dark (25章)
[23:30:09]   ── 4301/4378 | 已找到 3133 部
[23:30:23]   ✅ 找到第 3140 部: Sasayaku You ni Koi  → ささやくように恋を唄う (52章)
[23:30:43]   ✅ 找到第 3150 部: Yao Shen Ji → Cuentos de Demonios y Dioses (4966章)
[23:30:51]   ── 4321/4378 | 已找到 3153 部
[23:31:05]   ✅ 找到第 3160 部: Boku no Kokoro no Ya → 僕の心のヤバイやつ (1684章)
[23:31:25]   ✅ 找到第 3170 部: Yamada-kun to Lv999  → 山田くんとLv999の恋をする (464章)
[23:31:32]   ── 4341/4378 | 已找到 3173 部
[23:31:45]   ✅ 找到第 3180 部: Baekjakgaui Mangnani → 백작가의 망나니가 되었다 (4章)
[23:32:04]   ✅ 找到第 3190 部: Ki ni Natteru Hito g → 気になってる人が男じゃなかった (1033章)
[23:32:12]   ── 4361/4378 | 已找到 3193 部
[23:32:24]   ✅ 找到第 3200 部: Grand Blue → Grand Blue Dreaming (23章)
[23:32:44]   ✅ 找到第 3210 部: Jeonjijeok Dokja Sij → Omniscient Reader's Viewpoint (80章)
[23:32:47] 
[23:32:47] 🎉 完成！
[23:32:47]   总处理: 4415 部
[23:32:47]   找到: 3211 部
[23:32:47]   未匹配: 1204 部
[23:32:47]   总章节: 317600
